<?xml version="1.0" encoding="UTF-8"?>
<!-- Generated by org.testng.reporters.JUnitReportReporter -->
<testsuite hostname="LAPTOP-M7E35HJA" failures="0" tests="1" name="testscripts.AmountTest" time="5.116" errors="0" timestamp="2025-02-12T17:29:03 IST" skipped="0">
  <testcase classname="testscripts.AmountTest" name="verifyAmountSorting" time="5.116"/>
</testsuite> <!-- testscripts.AmountTest -->
